/home/patrick/.rbenv/versions/2.3.1/lib/ruby/gems/2.3.0/gems/activerecord-4.2.6/lib/active_record/connection_adapters/postgresql_adapter.rb:651:in `initialize': fe_sendauth: no password supplied (PG::ConnectionBad)
	from /home/patrick/.rbenv/versions/2.3.1/lib/ruby/gems/2.3.0/gems/activerecord-4.2.6/lib/active_record/connection_adapters/postgresql_adapter.rb:651:in `new'
	from /home/patrick/.rbenv/versions/2.3.1/lib/ruby/gems/2.3.0/gems/activerecord-4.2.6/lib/active_record/connection_adapters/postgresql_adapter.rb:651:in `connect'
	from /home/patrick/.rbenv/versions/2.3.1/lib/ruby/gems/2.3.0/gems/activerecord-4.2.6/lib/active_record/connection_adapters/postgresql_adapter.rb:242:in `initialize'
	from /home/patrick/.rbenv/versions/2.3.1/lib/ruby/gems/2.3.0/gems/activerecord-4.2.6/lib/active_record/connection_adapters/postgresql_adapter.rb:44:in `new'
	from /home/patrick/.rbenv/versions/2.3.1/lib/ruby/gems/2.3.0/gems/activerecord-4.2.6/lib/active_record/connection_adapters/postgresql_adapter.rb:44:in `postgresql_connection'
	from /home/patrick/.rbenv/versions/2.3.1/lib/ruby/gems/2.3.0/gems/activerecord-4.2.6/lib/active_record/connection_adapters/abstract/connection_pool.rb:438:in `new_connection'
	from /home/patrick/.rbenv/versions/2.3.1/lib/ruby/gems/2.3.0/gems/activerecord-4.2.6/lib/active_record/connection_adapters/abstract/connection_pool.rb:448:in `checkout_new_connection'
	from /home/patrick/.rbenv/versions/2.3.1/lib/ruby/gems/2.3.0/gems/activerecord-4.2.6/lib/active_record/connection_adapters/abstract/connection_pool.rb:422:in `acquire_connection'
	from /home/patrick/.rbenv/versions/2.3.1/lib/ruby/gems/2.3.0/gems/activerecord-4.2.6/lib/active_record/connection_adapters/abstract/connection_pool.rb:349:in `block in checkout'
	from /home/patrick/.rbenv/versions/2.3.1/lib/ruby/2.3.0/monitor.rb:214:in `mon_synchronize'
	from /home/patrick/.rbenv/versions/2.3.1/lib/ruby/gems/2.3.0/gems/activerecord-4.2.6/lib/active_record/connection_adapters/abstract/connection_pool.rb:348:in `checkout'
	from /home/patrick/.rbenv/versions/2.3.1/lib/ruby/gems/2.3.0/gems/activerecord-4.2.6/lib/active_record/connection_adapters/abstract/connection_pool.rb:263:in `block in connection'
	from /home/patrick/.rbenv/versions/2.3.1/lib/ruby/2.3.0/monitor.rb:214:in `mon_synchronize'
	from /home/patrick/.rbenv/versions/2.3.1/lib/ruby/gems/2.3.0/gems/activerecord-4.2.6/lib/active_record/connection_adapters/abstract/connection_pool.rb:262:in `connection'
	from /home/patrick/.rbenv/versions/2.3.1/lib/ruby/gems/2.3.0/gems/activerecord-4.2.6/lib/active_record/connection_adapters/abstract/connection_pool.rb:571:in `retrieve_connection'
	from /home/patrick/.rbenv/versions/2.3.1/lib/ruby/gems/2.3.0/gems/activerecord-4.2.6/lib/active_record/connection_handling.rb:113:in `retrieve_connection'
	from /home/patrick/.rbenv/versions/2.3.1/lib/ruby/gems/2.3.0/gems/activerecord-4.2.6/lib/active_record/connection_handling.rb:87:in `connection'
	from /home/patrick/projects/rails/moviehero/app/models/now_playing.rb:37:in `truncate!'
	from /home/patrick/projects/rails/moviehero/app/models/now_playing.rb:5:in `updateNowPlaying'
	from /home/patrick/.rbenv/versions/2.3.1/lib/ruby/gems/2.3.0/gems/railties-4.2.6/lib/rails/commands/runner.rb:62:in `<top (required)>'
	from /home/patrick/.rbenv/versions/2.3.1/lib/ruby/gems/2.3.0/gems/railties-4.2.6/lib/rails/commands/runner.rb:62:in `eval'
	from /home/patrick/.rbenv/versions/2.3.1/lib/ruby/gems/2.3.0/gems/railties-4.2.6/lib/rails/commands/runner.rb:62:in `<top (required)>'
	from /home/patrick/.rbenv/versions/2.3.1/lib/ruby/gems/2.3.0/gems/activesupport-4.2.6/lib/active_support/dependencies.rb:274:in `require'
	from /home/patrick/.rbenv/versions/2.3.1/lib/ruby/gems/2.3.0/gems/activesupport-4.2.6/lib/active_support/dependencies.rb:274:in `block in require'
	from /home/patrick/.rbenv/versions/2.3.1/lib/ruby/gems/2.3.0/gems/activesupport-4.2.6/lib/active_support/dependencies.rb:240:in `load_dependency'
	from /home/patrick/.rbenv/versions/2.3.1/lib/ruby/gems/2.3.0/gems/activesupport-4.2.6/lib/active_support/dependencies.rb:274:in `require'
	from /home/patrick/.rbenv/versions/2.3.1/lib/ruby/gems/2.3.0/gems/railties-4.2.6/lib/rails/commands/commands_tasks.rb:123:in `require_command!'
	from /home/patrick/.rbenv/versions/2.3.1/lib/ruby/gems/2.3.0/gems/railties-4.2.6/lib/rails/commands/commands_tasks.rb:90:in `runner'
	from /home/patrick/.rbenv/versions/2.3.1/lib/ruby/gems/2.3.0/gems/railties-4.2.6/lib/rails/commands/commands_tasks.rb:39:in `run_command!'
	from /home/patrick/.rbenv/versions/2.3.1/lib/ruby/gems/2.3.0/gems/railties-4.2.6/lib/rails/commands.rb:17:in `<top (required)>'
	from /home/patrick/.rbenv/versions/2.3.1/lib/ruby/gems/2.3.0/gems/activesupport-4.2.6/lib/active_support/dependencies.rb:274:in `require'
	from /home/patrick/.rbenv/versions/2.3.1/lib/ruby/gems/2.3.0/gems/activesupport-4.2.6/lib/active_support/dependencies.rb:274:in `block in require'
	from /home/patrick/.rbenv/versions/2.3.1/lib/ruby/gems/2.3.0/gems/activesupport-4.2.6/lib/active_support/dependencies.rb:240:in `load_dependency'
	from /home/patrick/.rbenv/versions/2.3.1/lib/ruby/gems/2.3.0/gems/activesupport-4.2.6/lib/active_support/dependencies.rb:274:in `require'
	from /home/patrick/projects/rails/moviehero/bin/rails:9:in `<top (required)>'
	from /home/patrick/.rbenv/versions/2.3.1/lib/ruby/gems/2.3.0/gems/activesupport-4.2.6/lib/active_support/dependencies.rb:268:in `load'
	from /home/patrick/.rbenv/versions/2.3.1/lib/ruby/gems/2.3.0/gems/activesupport-4.2.6/lib/active_support/dependencies.rb:268:in `block in load'
	from /home/patrick/.rbenv/versions/2.3.1/lib/ruby/gems/2.3.0/gems/activesupport-4.2.6/lib/active_support/dependencies.rb:240:in `load_dependency'
	from /home/patrick/.rbenv/versions/2.3.1/lib/ruby/gems/2.3.0/gems/activesupport-4.2.6/lib/active_support/dependencies.rb:268:in `load'
	from /home/patrick/.rbenv/versions/2.3.1/lib/ruby/2.3.0/rubygems/core_ext/kernel_require.rb:55:in `require'
	from /home/patrick/.rbenv/versions/2.3.1/lib/ruby/2.3.0/rubygems/core_ext/kernel_require.rb:55:in `require'
	from -e:1:in `<main>'
Running via Spring preloader in process 25521
Running via Spring preloader in process 25917
Running via Spring preloader in process 26381
Running via Spring preloader in process 24920
Running via Spring preloader in process 31532
Running via Spring preloader in process 29330
Running via Spring preloader in process 10158
Running via Spring preloader in process 11100
Running via Spring preloader in process 26018
Running via Spring preloader in process 13000
/home/patrick/.rbenv/versions/2.3.1/lib/ruby/gems/2.3.0/gems/activerecord-4.2.6/lib/active_record/connection_adapters/postgresql_adapter.rb:637:in `prepare': PG::UndefinedColumn: ERROR:  column featured_movies.type does not exist (ActiveRecord::StatementInvalid)
LINE 1: ...red_movies" WHERE "featured_movies"."id" = $1 AND "featured_...
                                                             ^
: SELECT  "featured_movies".* FROM "featured_movies" WHERE "featured_movies"."id" = $1 AND "featured_movies"."type" = 'now_playing' LIMIT 1
	from /home/patrick/.rbenv/versions/2.3.1/lib/ruby/gems/2.3.0/gems/activerecord-4.2.6/lib/active_record/connection_adapters/postgresql_adapter.rb:637:in `prepare_statement'
	from /home/patrick/.rbenv/versions/2.3.1/lib/ruby/gems/2.3.0/gems/activerecord-4.2.6/lib/active_record/connection_adapters/postgresql_adapter.rb:596:in `exec_cache'
	from /home/patrick/.rbenv/versions/2.3.1/lib/ruby/gems/2.3.0/gems/activerecord-4.2.6/lib/active_record/connection_adapters/postgresql_adapter.rb:585:in `execute_and_clear'
	from /home/patrick/.rbenv/versions/2.3.1/lib/ruby/gems/2.3.0/gems/activerecord-4.2.6/lib/active_record/connection_adapters/postgresql/database_statements.rb:160:in `exec_query'
	from /home/patrick/.rbenv/versions/2.3.1/lib/ruby/gems/2.3.0/gems/activerecord-4.2.6/lib/active_record/connection_adapters/abstract/database_statements.rb:356:in `select'
	from /home/patrick/.rbenv/versions/2.3.1/lib/ruby/gems/2.3.0/gems/activerecord-4.2.6/lib/active_record/connection_adapters/abstract/database_statements.rb:32:in `select_all'
	from /home/patrick/.rbenv/versions/2.3.1/lib/ruby/gems/2.3.0/gems/activerecord-4.2.6/lib/active_record/connection_adapters/abstract/query_cache.rb:70:in `select_all'
	from /home/patrick/.rbenv/versions/2.3.1/lib/ruby/gems/2.3.0/gems/activerecord-4.2.6/lib/active_record/querying.rb:39:in `find_by_sql'
	from /home/patrick/.rbenv/versions/2.3.1/lib/ruby/gems/2.3.0/gems/activerecord-4.2.6/lib/active_record/relation.rb:639:in `exec_queries'
	from /home/patrick/.rbenv/versions/2.3.1/lib/ruby/gems/2.3.0/gems/activerecord-4.2.6/lib/active_record/relation.rb:515:in `load'
	from /home/patrick/.rbenv/versions/2.3.1/lib/ruby/gems/2.3.0/gems/activerecord-4.2.6/lib/active_record/relation.rb:243:in `to_a'
	from /home/patrick/.rbenv/versions/2.3.1/lib/ruby/gems/2.3.0/gems/activerecord-4.2.6/lib/active_record/relation/finder_methods.rb:475:in `find_take'
	from /home/patrick/.rbenv/versions/2.3.1/lib/ruby/gems/2.3.0/gems/activerecord-4.2.6/lib/active_record/relation/finder_methods.rb:105:in `take'
	from /home/patrick/.rbenv/versions/2.3.1/lib/ruby/gems/2.3.0/gems/activerecord-4.2.6/lib/active_record/relation/finder_methods.rb:84:in `find_by'
	from /home/patrick/.rbenv/versions/2.3.1/lib/ruby/gems/2.3.0/gems/activerecord-4.2.6/lib/active_record/relation.rb:213:in `find_or_create_by'
	from /home/patrick/.rbenv/versions/2.3.1/lib/ruby/gems/2.3.0/gems/activerecord-4.2.6/lib/active_record/querying.rb:6:in `find_or_create_by'
	from /home/patrick/projects/rails/moviehero/app/models/featured_movie.rb:53:in `block (2 levels) in getMovies'
	from /home/patrick/projects/rails/moviehero/app/models/featured_movie.rb:35:in `each'
	from /home/patrick/projects/rails/moviehero/app/models/featured_movie.rb:35:in `block in getMovies'
	from /home/patrick/projects/rails/moviehero/app/models/featured_movie.rb:30:in `times'
	from /home/patrick/projects/rails/moviehero/app/models/featured_movie.rb:30:in `getMovies'
	from /home/patrick/projects/rails/moviehero/app/models/featured_movie.rb:20:in `updateMovies'
	from /home/patrick/.rbenv/versions/2.3.1/lib/ruby/gems/2.3.0/gems/railties-4.2.6/lib/rails/commands/runner.rb:62:in `<top (required)>'
	from /home/patrick/.rbenv/versions/2.3.1/lib/ruby/gems/2.3.0/gems/railties-4.2.6/lib/rails/commands/runner.rb:62:in `eval'
	from /home/patrick/.rbenv/versions/2.3.1/lib/ruby/gems/2.3.0/gems/railties-4.2.6/lib/rails/commands/runner.rb:62:in `<top (required)>'
	from /home/patrick/.rbenv/versions/2.3.1/lib/ruby/gems/2.3.0/gems/activesupport-4.2.6/lib/active_support/dependencies.rb:274:in `require'
	from /home/patrick/.rbenv/versions/2.3.1/lib/ruby/gems/2.3.0/gems/activesupport-4.2.6/lib/active_support/dependencies.rb:274:in `block in require'
	from /home/patrick/.rbenv/versions/2.3.1/lib/ruby/gems/2.3.0/gems/activesupport-4.2.6/lib/active_support/dependencies.rb:240:in `load_dependency'
	from /home/patrick/.rbenv/versions/2.3.1/lib/ruby/gems/2.3.0/gems/activesupport-4.2.6/lib/active_support/dependencies.rb:274:in `require'
	from /home/patrick/.rbenv/versions/2.3.1/lib/ruby/gems/2.3.0/gems/railties-4.2.6/lib/rails/commands/commands_tasks.rb:123:in `require_command!'
	from /home/patrick/.rbenv/versions/2.3.1/lib/ruby/gems/2.3.0/gems/railties-4.2.6/lib/rails/commands/commands_tasks.rb:90:in `runner'
	from /home/patrick/.rbenv/versions/2.3.1/lib/ruby/gems/2.3.0/gems/railties-4.2.6/lib/rails/commands/commands_tasks.rb:39:in `run_command!'
	from /home/patrick/.rbenv/versions/2.3.1/lib/ruby/gems/2.3.0/gems/railties-4.2.6/lib/rails/commands.rb:17:in `<top (required)>'
	from /home/patrick/.rbenv/versions/2.3.1/lib/ruby/gems/2.3.0/gems/activesupport-4.2.6/lib/active_support/dependencies.rb:274:in `require'
	from /home/patrick/.rbenv/versions/2.3.1/lib/ruby/gems/2.3.0/gems/activesupport-4.2.6/lib/active_support/dependencies.rb:274:in `block in require'
	from /home/patrick/.rbenv/versions/2.3.1/lib/ruby/gems/2.3.0/gems/activesupport-4.2.6/lib/active_support/dependencies.rb:240:in `load_dependency'
	from /home/patrick/.rbenv/versions/2.3.1/lib/ruby/gems/2.3.0/gems/activesupport-4.2.6/lib/active_support/dependencies.rb:274:in `require'
	from /home/patrick/projects/rails/moviehero/bin/rails:9:in `<top (required)>'
	from /home/patrick/.rbenv/versions/2.3.1/lib/ruby/gems/2.3.0/gems/activesupport-4.2.6/lib/active_support/dependencies.rb:268:in `load'
	from /home/patrick/.rbenv/versions/2.3.1/lib/ruby/gems/2.3.0/gems/activesupport-4.2.6/lib/active_support/dependencies.rb:268:in `block in load'
	from /home/patrick/.rbenv/versions/2.3.1/lib/ruby/gems/2.3.0/gems/activesupport-4.2.6/lib/active_support/dependencies.rb:240:in `load_dependency'
	from /home/patrick/.rbenv/versions/2.3.1/lib/ruby/gems/2.3.0/gems/activesupport-4.2.6/lib/active_support/dependencies.rb:268:in `load'
	from /home/patrick/.rbenv/versions/2.3.1/lib/ruby/2.3.0/rubygems/core_ext/kernel_require.rb:55:in `require'
	from /home/patrick/.rbenv/versions/2.3.1/lib/ruby/2.3.0/rubygems/core_ext/kernel_require.rb:55:in `require'
	from -e:1:in `<main>'
Running via Spring preloader in process 10473
/home/patrick/.rbenv/versions/2.3.1/lib/ruby/gems/2.3.0/gems/activemodel-4.2.6/lib/active_model/attribute_methods.rb:433:in `method_missing': undefined method `original_title=' for #<Movie:0x00558b81015498> (NoMethodError)
Did you mean?  original_raw_attribute
	from /home/patrick/projects/rails/moviehero/app/models/featured_movie.rb:39:in `block (2 levels) in getMovies'
	from /home/patrick/projects/rails/moviehero/app/models/featured_movie.rb:35:in `each'
	from /home/patrick/projects/rails/moviehero/app/models/featured_movie.rb:35:in `block in getMovies'
	from /home/patrick/projects/rails/moviehero/app/models/featured_movie.rb:30:in `times'
	from /home/patrick/projects/rails/moviehero/app/models/featured_movie.rb:30:in `getMovies'
	from /home/patrick/projects/rails/moviehero/app/models/featured_movie.rb:20:in `updateMovies'
	from /home/patrick/.rbenv/versions/2.3.1/lib/ruby/gems/2.3.0/gems/railties-4.2.6/lib/rails/commands/runner.rb:62:in `<top (required)>'
	from /home/patrick/.rbenv/versions/2.3.1/lib/ruby/gems/2.3.0/gems/railties-4.2.6/lib/rails/commands/runner.rb:62:in `eval'
	from /home/patrick/.rbenv/versions/2.3.1/lib/ruby/gems/2.3.0/gems/railties-4.2.6/lib/rails/commands/runner.rb:62:in `<top (required)>'
	from /home/patrick/.rbenv/versions/2.3.1/lib/ruby/gems/2.3.0/gems/activesupport-4.2.6/lib/active_support/dependencies.rb:274:in `require'
	from /home/patrick/.rbenv/versions/2.3.1/lib/ruby/gems/2.3.0/gems/activesupport-4.2.6/lib/active_support/dependencies.rb:274:in `block in require'
	from /home/patrick/.rbenv/versions/2.3.1/lib/ruby/gems/2.3.0/gems/activesupport-4.2.6/lib/active_support/dependencies.rb:240:in `load_dependency'
	from /home/patrick/.rbenv/versions/2.3.1/lib/ruby/gems/2.3.0/gems/activesupport-4.2.6/lib/active_support/dependencies.rb:274:in `require'
	from /home/patrick/.rbenv/versions/2.3.1/lib/ruby/gems/2.3.0/gems/railties-4.2.6/lib/rails/commands/commands_tasks.rb:123:in `require_command!'
	from /home/patrick/.rbenv/versions/2.3.1/lib/ruby/gems/2.3.0/gems/railties-4.2.6/lib/rails/commands/commands_tasks.rb:90:in `runner'
	from /home/patrick/.rbenv/versions/2.3.1/lib/ruby/gems/2.3.0/gems/railties-4.2.6/lib/rails/commands/commands_tasks.rb:39:in `run_command!'
	from /home/patrick/.rbenv/versions/2.3.1/lib/ruby/gems/2.3.0/gems/railties-4.2.6/lib/rails/commands.rb:17:in `<top (required)>'
	from /home/patrick/.rbenv/versions/2.3.1/lib/ruby/gems/2.3.0/gems/activesupport-4.2.6/lib/active_support/dependencies.rb:274:in `require'
	from /home/patrick/.rbenv/versions/2.3.1/lib/ruby/gems/2.3.0/gems/activesupport-4.2.6/lib/active_support/dependencies.rb:274:in `block in require'
	from /home/patrick/.rbenv/versions/2.3.1/lib/ruby/gems/2.3.0/gems/activesupport-4.2.6/lib/active_support/dependencies.rb:240:in `load_dependency'
	from /home/patrick/.rbenv/versions/2.3.1/lib/ruby/gems/2.3.0/gems/activesupport-4.2.6/lib/active_support/dependencies.rb:274:in `require'
	from /home/patrick/projects/rails/moviehero/bin/rails:9:in `<top (required)>'
	from /home/patrick/.rbenv/versions/2.3.1/lib/ruby/gems/2.3.0/gems/activesupport-4.2.6/lib/active_support/dependencies.rb:268:in `load'
	from /home/patrick/.rbenv/versions/2.3.1/lib/ruby/gems/2.3.0/gems/activesupport-4.2.6/lib/active_support/dependencies.rb:268:in `block in load'
	from /home/patrick/.rbenv/versions/2.3.1/lib/ruby/gems/2.3.0/gems/activesupport-4.2.6/lib/active_support/dependencies.rb:240:in `load_dependency'
	from /home/patrick/.rbenv/versions/2.3.1/lib/ruby/gems/2.3.0/gems/activesupport-4.2.6/lib/active_support/dependencies.rb:268:in `load'
	from /home/patrick/.rbenv/versions/2.3.1/lib/ruby/2.3.0/rubygems/core_ext/kernel_require.rb:55:in `require'
	from /home/patrick/.rbenv/versions/2.3.1/lib/ruby/2.3.0/rubygems/core_ext/kernel_require.rb:55:in `require'
	from -e:1:in `<main>'
Running via Spring preloader in process 17996
/home/patrick/.rbenv/versions/2.3.1/lib/ruby/gems/2.3.0/gems/activemodel-4.2.6/lib/active_model/attribute_methods.rb:433:in `method_missing': undefined method `original_title=' for #<Movie:0x00558b80ee6f18> (NoMethodError)
Did you mean?  original_raw_attribute
	from /home/patrick/projects/rails/moviehero/app/models/featured_movie.rb:39:in `block (2 levels) in getMovies'
	from /home/patrick/projects/rails/moviehero/app/models/featured_movie.rb:35:in `each'
	from /home/patrick/projects/rails/moviehero/app/models/featured_movie.rb:35:in `block in getMovies'
	from /home/patrick/projects/rails/moviehero/app/models/featured_movie.rb:30:in `times'
	from /home/patrick/projects/rails/moviehero/app/models/featured_movie.rb:30:in `getMovies'
	from /home/patrick/projects/rails/moviehero/app/models/featured_movie.rb:20:in `updateMovies'
	from /home/patrick/.rbenv/versions/2.3.1/lib/ruby/gems/2.3.0/gems/railties-4.2.6/lib/rails/commands/runner.rb:62:in `<top (required)>'
	from /home/patrick/.rbenv/versions/2.3.1/lib/ruby/gems/2.3.0/gems/railties-4.2.6/lib/rails/commands/runner.rb:62:in `eval'
	from /home/patrick/.rbenv/versions/2.3.1/lib/ruby/gems/2.3.0/gems/railties-4.2.6/lib/rails/commands/runner.rb:62:in `<top (required)>'
	from /home/patrick/.rbenv/versions/2.3.1/lib/ruby/gems/2.3.0/gems/activesupport-4.2.6/lib/active_support/dependencies.rb:274:in `require'
	from /home/patrick/.rbenv/versions/2.3.1/lib/ruby/gems/2.3.0/gems/activesupport-4.2.6/lib/active_support/dependencies.rb:274:in `block in require'
	from /home/patrick/.rbenv/versions/2.3.1/lib/ruby/gems/2.3.0/gems/activesupport-4.2.6/lib/active_support/dependencies.rb:240:in `load_dependency'
	from /home/patrick/.rbenv/versions/2.3.1/lib/ruby/gems/2.3.0/gems/activesupport-4.2.6/lib/active_support/dependencies.rb:274:in `require'
	from /home/patrick/.rbenv/versions/2.3.1/lib/ruby/gems/2.3.0/gems/railties-4.2.6/lib/rails/commands/commands_tasks.rb:123:in `require_command!'
	from /home/patrick/.rbenv/versions/2.3.1/lib/ruby/gems/2.3.0/gems/railties-4.2.6/lib/rails/commands/commands_tasks.rb:90:in `runner'
	from /home/patrick/.rbenv/versions/2.3.1/lib/ruby/gems/2.3.0/gems/railties-4.2.6/lib/rails/commands/commands_tasks.rb:39:in `run_command!'
	from /home/patrick/.rbenv/versions/2.3.1/lib/ruby/gems/2.3.0/gems/railties-4.2.6/lib/rails/commands.rb:17:in `<top (required)>'
	from /home/patrick/.rbenv/versions/2.3.1/lib/ruby/gems/2.3.0/gems/activesupport-4.2.6/lib/active_support/dependencies.rb:274:in `require'
	from /home/patrick/.rbenv/versions/2.3.1/lib/ruby/gems/2.3.0/gems/activesupport-4.2.6/lib/active_support/dependencies.rb:274:in `block in require'
	from /home/patrick/.rbenv/versions/2.3.1/lib/ruby/gems/2.3.0/gems/activesupport-4.2.6/lib/active_support/dependencies.rb:240:in `load_dependency'
	from /home/patrick/.rbenv/versions/2.3.1/lib/ruby/gems/2.3.0/gems/activesupport-4.2.6/lib/active_support/dependencies.rb:274:in `require'
	from /home/patrick/projects/rails/moviehero/bin/rails:9:in `<top (required)>'
	from /home/patrick/.rbenv/versions/2.3.1/lib/ruby/gems/2.3.0/gems/activesupport-4.2.6/lib/active_support/dependencies.rb:268:in `load'
	from /home/patrick/.rbenv/versions/2.3.1/lib/ruby/gems/2.3.0/gems/activesupport-4.2.6/lib/active_support/dependencies.rb:268:in `block in load'
	from /home/patrick/.rbenv/versions/2.3.1/lib/ruby/gems/2.3.0/gems/activesupport-4.2.6/lib/active_support/dependencies.rb:240:in `load_dependency'
	from /home/patrick/.rbenv/versions/2.3.1/lib/ruby/gems/2.3.0/gems/activesupport-4.2.6/lib/active_support/dependencies.rb:268:in `load'
	from /home/patrick/.rbenv/versions/2.3.1/lib/ruby/2.3.0/rubygems/core_ext/kernel_require.rb:55:in `require'
	from /home/patrick/.rbenv/versions/2.3.1/lib/ruby/2.3.0/rubygems/core_ext/kernel_require.rb:55:in `require'
	from -e:1:in `<main>'
Running via Spring preloader in process 25417
/home/patrick/.rbenv/versions/2.3.1/lib/ruby/gems/2.3.0/gems/activemodel-4.2.6/lib/active_model/attribute_methods.rb:433:in `method_missing': undefined method `original_title=' for #<Movie:0x00558b8277be98> (NoMethodError)
Did you mean?  original_raw_attribute
	from /home/patrick/projects/rails/moviehero/app/models/featured_movie.rb:39:in `block (2 levels) in getMovies'
	from /home/patrick/projects/rails/moviehero/app/models/featured_movie.rb:35:in `each'
	from /home/patrick/projects/rails/moviehero/app/models/featured_movie.rb:35:in `block in getMovies'
	from /home/patrick/projects/rails/moviehero/app/models/featured_movie.rb:30:in `times'
	from /home/patrick/projects/rails/moviehero/app/models/featured_movie.rb:30:in `getMovies'
	from /home/patrick/projects/rails/moviehero/app/models/featured_movie.rb:20:in `updateMovies'
	from /home/patrick/.rbenv/versions/2.3.1/lib/ruby/gems/2.3.0/gems/railties-4.2.6/lib/rails/commands/runner.rb:62:in `<top (required)>'
	from /home/patrick/.rbenv/versions/2.3.1/lib/ruby/gems/2.3.0/gems/railties-4.2.6/lib/rails/commands/runner.rb:62:in `eval'
	from /home/patrick/.rbenv/versions/2.3.1/lib/ruby/gems/2.3.0/gems/railties-4.2.6/lib/rails/commands/runner.rb:62:in `<top (required)>'
	from /home/patrick/.rbenv/versions/2.3.1/lib/ruby/gems/2.3.0/gems/activesupport-4.2.6/lib/active_support/dependencies.rb:274:in `require'
	from /home/patrick/.rbenv/versions/2.3.1/lib/ruby/gems/2.3.0/gems/activesupport-4.2.6/lib/active_support/dependencies.rb:274:in `block in require'
	from /home/patrick/.rbenv/versions/2.3.1/lib/ruby/gems/2.3.0/gems/activesupport-4.2.6/lib/active_support/dependencies.rb:240:in `load_dependency'
	from /home/patrick/.rbenv/versions/2.3.1/lib/ruby/gems/2.3.0/gems/activesupport-4.2.6/lib/active_support/dependencies.rb:274:in `require'
	from /home/patrick/.rbenv/versions/2.3.1/lib/ruby/gems/2.3.0/gems/railties-4.2.6/lib/rails/commands/commands_tasks.rb:123:in `require_command!'
	from /home/patrick/.rbenv/versions/2.3.1/lib/ruby/gems/2.3.0/gems/railties-4.2.6/lib/rails/commands/commands_tasks.rb:90:in `runner'
	from /home/patrick/.rbenv/versions/2.3.1/lib/ruby/gems/2.3.0/gems/railties-4.2.6/lib/rails/commands/commands_tasks.rb:39:in `run_command!'
	from /home/patrick/.rbenv/versions/2.3.1/lib/ruby/gems/2.3.0/gems/railties-4.2.6/lib/rails/commands.rb:17:in `<top (required)>'
	from /home/patrick/.rbenv/versions/2.3.1/lib/ruby/gems/2.3.0/gems/activesupport-4.2.6/lib/active_support/dependencies.rb:274:in `require'
	from /home/patrick/.rbenv/versions/2.3.1/lib/ruby/gems/2.3.0/gems/activesupport-4.2.6/lib/active_support/dependencies.rb:274:in `block in require'
	from /home/patrick/.rbenv/versions/2.3.1/lib/ruby/gems/2.3.0/gems/activesupport-4.2.6/lib/active_support/dependencies.rb:240:in `load_dependency'
	from /home/patrick/.rbenv/versions/2.3.1/lib/ruby/gems/2.3.0/gems/activesupport-4.2.6/lib/active_support/dependencies.rb:274:in `require'
	from /home/patrick/projects/rails/moviehero/bin/rails:9:in `<top (required)>'
	from /home/patrick/.rbenv/versions/2.3.1/lib/ruby/gems/2.3.0/gems/activesupport-4.2.6/lib/active_support/dependencies.rb:268:in `load'
	from /home/patrick/.rbenv/versions/2.3.1/lib/ruby/gems/2.3.0/gems/activesupport-4.2.6/lib/active_support/dependencies.rb:268:in `block in load'
	from /home/patrick/.rbenv/versions/2.3.1/lib/ruby/gems/2.3.0/gems/activesupport-4.2.6/lib/active_support/dependencies.rb:240:in `load_dependency'
	from /home/patrick/.rbenv/versions/2.3.1/lib/ruby/gems/2.3.0/gems/activesupport-4.2.6/lib/active_support/dependencies.rb:268:in `load'
	from /home/patrick/.rbenv/versions/2.3.1/lib/ruby/2.3.0/rubygems/core_ext/kernel_require.rb:55:in `require'
	from /home/patrick/.rbenv/versions/2.3.1/lib/ruby/2.3.0/rubygems/core_ext/kernel_require.rb:55:in `require'
	from -e:1:in `<main>'
Running via Spring preloader in process 12120
